{"/Users/jacobmueller/Development/GitHub/jacobmllr95/idle-timeout/src/IdleTimeout.ts": {"path":"/Users/jacobmueller/Development/GitHub/jacobmllr95/idle-timeout/src/IdleTimeout.ts","statementMap":{"0":{"start":{"line":12,"column":2},"end":{"line":12,"column":null}},"1":{"start":{"line":15,"column":2},"end":{"line":15,"column":null}},"2":{"start":{"line":18,"column":2},"end":{"line":18,"column":null}},"3":{"start":{"line":21,"column":2},"end":{"line":21,"column":null}},"4":{"start":{"line":24,"column":2},"end":{"line":24,"column":null}},"5":{"start":{"line":27,"column":2},"end":{"line":27,"column":null}},"6":{"start":{"line":30,"column":2},"end":{"line":41,"column":null}},"7":{"start":{"line":149,"column":2},"end":{"line":168,"column":null}},"8":{"start":{"line":150,"column":4},"end":{"line":152,"column":null}},"9":{"start":{"line":151,"column":6},"end":{"line":151,"column":null}},"10":{"start":{"line":154,"column":4},"end":{"line":165,"column":null}},"11":{"start":{"line":155,"column":31},"end":{"line":155,"column":null}},"12":{"start":{"line":156,"column":6},"end":{"line":161,"column":null}},"13":{"start":{"line":160,"column":8},"end":{"line":160,"column":null}},"14":{"start":{"line":163,"column":6},"end":{"line":163,"column":null}},"15":{"start":{"line":164,"column":6},"end":{"line":164,"column":null}},"16":{"start":{"line":167,"column":4},"end":{"line":167,"column":null}},"17":{"start":{"line":50,"column":4},"end":{"line":50,"column":null}},"18":{"start":{"line":51,"column":4},"end":{"line":55,"column":null}},"19":{"start":{"line":57,"column":20},"end":{"line":57,"column":null}},"20":{"start":{"line":59,"column":4},"end":{"line":61,"column":null}},"21":{"start":{"line":60,"column":6},"end":{"line":60,"column":null}},"22":{"start":{"line":63,"column":4},"end":{"line":63,"column":null}},"23":{"start":{"line":71,"column":34},"end":{"line":71,"column":null}},"24":{"start":{"line":72,"column":4},"end":{"line":74,"column":null}},"25":{"start":{"line":73,"column":6},"end":{"line":73,"column":null}},"26":{"start":{"line":76,"column":4},"end":{"line":76,"column":null}},"27":{"start":{"line":78,"column":4},"end":{"line":81,"column":null}},"28":{"start":{"line":79,"column":6},"end":{"line":79,"column":null}},"29":{"start":{"line":80,"column":6},"end":{"line":80,"column":null}},"30":{"start":{"line":89,"column":4},"end":{"line":91,"column":null}},"31":{"start":{"line":90,"column":6},"end":{"line":90,"column":null}},"32":{"start":{"line":93,"column":4},"end":{"line":93,"column":null}},"33":{"start":{"line":94,"column":4},"end":{"line":94,"column":null}},"34":{"start":{"line":102,"column":4},"end":{"line":102,"column":null}},"35":{"start":{"line":103,"column":4},"end":{"line":103,"column":null}},"36":{"start":{"line":104,"column":4},"end":{"line":104,"column":null}},"37":{"start":{"line":112,"column":20},"end":{"line":112,"column":null}},"38":{"start":{"line":114,"column":4},"end":{"line":116,"column":null}},"39":{"start":{"line":115,"column":6},"end":{"line":115,"column":null}},"40":{"start":{"line":118,"column":4},"end":{"line":120,"column":null}},"41":{"start":{"line":119,"column":6},"end":{"line":119,"column":null}},"42":{"start":{"line":128,"column":4},"end":{"line":131,"column":null}},"43":{"start":{"line":129,"column":6},"end":{"line":129,"column":null}},"44":{"start":{"line":130,"column":6},"end":{"line":130,"column":null}},"45":{"start":{"line":133,"column":4},"end":{"line":135,"column":null}},"46":{"start":{"line":134,"column":6},"end":{"line":134,"column":null}},"47":{"start":{"line":137,"column":4},"end":{"line":139,"column":null}},"48":{"start":{"line":138,"column":6},"end":{"line":138,"column":null}},"49":{"start":{"line":141,"column":4},"end":{"line":141,"column":null}},"50":{"start":{"line":175,"column":4},"end":{"line":175,"column":null}},"51":{"start":{"line":176,"column":4},"end":{"line":176,"column":null}},"52":{"start":{"line":178,"column":4},"end":{"line":178,"column":null}},"53":{"start":{"line":183,"column":4},"end":{"line":183,"column":null}},"54":{"start":{"line":191,"column":4},"end":{"line":191,"column":null}},"55":{"start":{"line":199,"column":4},"end":{"line":199,"column":null}},"56":{"start":{"line":207,"column":4},"end":{"line":211,"column":null}},"57":{"start":{"line":208,"column":6},"end":{"line":208,"column":null}},"58":{"start":{"line":210,"column":6},"end":{"line":210,"column":null}}},"fnMap":{"0":{"name":"(anonymous_0)","decl":{"start":{"line":49,"column":9},"end":{"line":49,"column":21}},"loc":{"start":{"line":49,"column":86},"end":{"line":64,"column":null}},"line":49},"1":{"name":"(anonymous_1)","decl":{"start":{"line":149,"column":26},"end":{"line":149,"column":27}},"loc":{"start":{"line":149,"column":50},"end":{"line":168,"column":null}},"line":149},"2":{"name":"(anonymous_2)","decl":{"start":{"line":59,"column":28},"end":{"line":59,"column":29}},"loc":{"start":{"line":59,"column":49},"end":{"line":61,"column":5}},"line":59},"3":{"name":"(anonymous_3)","decl":{"start":{"line":70,"column":9},"end":{"line":70,"column":23}},"loc":{"start":{"line":70,"column":23},"end":{"line":82,"column":null}},"line":70},"4":{"name":"(anonymous_4)","decl":{"start":{"line":88,"column":9},"end":{"line":88,"column":24}},"loc":{"start":{"line":88,"column":24},"end":{"line":95,"column":null}},"line":88},"5":{"name":"(anonymous_5)","decl":{"start":{"line":101,"column":9},"end":{"line":101,"column":23}},"loc":{"start":{"line":101,"column":23},"end":{"line":105,"column":null}},"line":101},"6":{"name":"(anonymous_6)","decl":{"start":{"line":111,"column":9},"end":{"line":111,"column":25}},"loc":{"start":{"line":111,"column":25},"end":{"line":121,"column":null}},"line":111},"7":{"name":"(anonymous_7)","decl":{"start":{"line":114,"column":28},"end":{"line":114,"column":29}},"loc":{"start":{"line":114,"column":49},"end":{"line":116,"column":5}},"line":114},"8":{"name":"(anonymous_8)","decl":{"start":{"line":127,"column":12},"end":{"line":127,"column":33}},"loc":{"start":{"line":127,"column":33},"end":{"line":142,"column":null}},"line":127},"9":{"name":"(anonymous_9)","decl":{"start":{"line":137,"column":43},"end":{"line":137,"column":55}},"loc":{"start":{"line":137,"column":55},"end":{"line":139,"column":7}},"line":137},"10":{"name":"(anonymous_10)","decl":{"start":{"line":174,"column":12},"end":{"line":174,"column":34}},"loc":{"start":{"line":174,"column":34},"end":{"line":179,"column":null}},"line":174},"11":{"name":"(anonymous_11)","decl":{"start":{"line":182,"column":13},"end":{"line":182,"column":29}},"loc":{"start":{"line":182,"column":29},"end":{"line":184,"column":null}},"line":182},"12":{"name":"(anonymous_12)","decl":{"start":{"line":190,"column":13},"end":{"line":190,"column":18}},"loc":{"start":{"line":190,"column":34},"end":{"line":192,"column":null}},"line":190},"13":{"name":"(anonymous_13)","decl":{"start":{"line":198,"column":13},"end":{"line":198,"column":21}},"loc":{"start":{"line":198,"column":36},"end":{"line":200,"column":null}},"line":198},"14":{"name":"(anonymous_14)","decl":{"start":{"line":206,"column":13},"end":{"line":206,"column":18}},"loc":{"start":{"line":206,"column":34},"end":{"line":212,"column":null}},"line":206}},"branchMap":{"0":{"loc":{"start":{"line":150,"column":4},"end":{"line":152,"column":null}},"type":"if","locations":[{"start":{"line":150,"column":4},"end":{"line":152,"column":null}},{"start":{},"end":{}}],"line":150},"1":{"loc":{"start":{"line":154,"column":4},"end":{"line":165,"column":null}},"type":"if","locations":[{"start":{"line":154,"column":4},"end":{"line":165,"column":null}},{"start":{},"end":{}}],"line":154},"2":{"loc":{"start":{"line":156,"column":6},"end":{"line":161,"column":null}},"type":"if","locations":[{"start":{"line":156,"column":6},"end":{"line":161,"column":null}},{"start":{},"end":{}}],"line":156},"3":{"loc":{"start":{"line":157,"column":9},"end":{"line":158,"column":null}},"type":"binary-expr","locations":[{"start":{"line":157,"column":9},"end":{"line":157,"column":32}},{"start":{"line":157,"column":32},"end":{"line":157,"column":null}},{"start":{"line":158,"column":9},"end":{"line":158,"column":37}},{"start":{"line":158,"column":37},"end":{"line":158,"column":null}}],"line":157},"4":{"loc":{"start":{"line":52,"column":15},"end":{"line":52,"column":null}},"type":"binary-expr","locations":[{"start":{"line":52,"column":15},"end":{"line":52,"column":35}},{"start":{"line":52,"column":35},"end":{"line":52,"column":null}}],"line":52},"5":{"loc":{"start":{"line":53,"column":12},"end":{"line":53,"column":null}},"type":"binary-expr","locations":[{"start":{"line":53,"column":12},"end":{"line":53,"column":29}},{"start":{"line":53,"column":29},"end":{"line":53,"column":null}}],"line":53},"6":{"loc":{"start":{"line":54,"column":15},"end":{"line":54,"column":null}},"type":"binary-expr","locations":[{"start":{"line":54,"column":15},"end":{"line":54,"column":35}},{"start":{"line":54,"column":35},"end":{"line":54,"column":null}}],"line":54},"7":{"loc":{"start":{"line":72,"column":4},"end":{"line":74,"column":null}},"type":"if","locations":[{"start":{"line":72,"column":4},"end":{"line":74,"column":null}},{"start":{},"end":{}}],"line":72},"8":{"loc":{"start":{"line":78,"column":4},"end":{"line":81,"column":null}},"type":"if","locations":[{"start":{"line":78,"column":4},"end":{"line":81,"column":null}},{"start":{},"end":{}}],"line":78},"9":{"loc":{"start":{"line":89,"column":4},"end":{"line":91,"column":null}},"type":"if","locations":[{"start":{"line":89,"column":4},"end":{"line":91,"column":null}},{"start":{},"end":{}}],"line":89},"10":{"loc":{"start":{"line":118,"column":4},"end":{"line":120,"column":null}},"type":"if","locations":[{"start":{"line":118,"column":4},"end":{"line":120,"column":null}},{"start":{},"end":{}}],"line":118},"11":{"loc":{"start":{"line":128,"column":4},"end":{"line":131,"column":null}},"type":"if","locations":[{"start":{"line":128,"column":4},"end":{"line":131,"column":null}},{"start":{},"end":{}}],"line":128},"12":{"loc":{"start":{"line":133,"column":4},"end":{"line":135,"column":null}},"type":"if","locations":[{"start":{"line":133,"column":4},"end":{"line":135,"column":null}},{"start":{},"end":{}}],"line":133},"13":{"loc":{"start":{"line":133,"column":8},"end":{"line":133,"column":43}},"type":"binary-expr","locations":[{"start":{"line":133,"column":8},"end":{"line":133,"column":23}},{"start":{"line":133,"column":23},"end":{"line":133,"column":43}}],"line":133},"14":{"loc":{"start":{"line":139,"column":7},"end":{"line":139,"column":49}},"type":"binary-expr","locations":[{"start":{"line":139,"column":7},"end":{"line":139,"column":29}},{"start":{"line":139,"column":29},"end":{"line":139,"column":49}}],"line":139},"15":{"loc":{"start":{"line":207,"column":4},"end":{"line":211,"column":null}},"type":"if","locations":[{"start":{"line":207,"column":4},"end":{"line":211,"column":null}},{"start":{"line":209,"column":11},"end":{"line":211,"column":null}}],"line":207}},"s":{"0":30,"1":30,"2":30,"3":30,"4":30,"5":30,"6":30,"7":30,"8":69,"9":5,"10":64,"11":33,"12":33,"13":14,"14":19,"15":19,"16":50,"17":30,"18":30,"19":30,"20":30,"21":300,"22":30,"23":3,"24":3,"25":1,"26":2,"27":2,"28":1,"29":1,"30":2,"31":1,"32":1,"33":1,"34":2,"35":2,"36":2,"37":4,"38":4,"39":40,"40":4,"41":3,"42":104,"43":59,"44":59,"45":104,"46":27,"47":77,"48":18,"49":104,"50":19,"51":19,"52":19,"53":5,"54":2,"55":1,"56":2,"57":1,"58":1},"f":{"0":30,"1":69,"2":300,"3":3,"4":2,"5":2,"6":4,"7":40,"8":104,"9":18,"10":19,"11":5,"12":2,"13":1,"14":2},"b":{"0":[5,64],"1":[33,31],"2":[14,19],"3":[33,11,22,3],"4":[30,16],"5":[30,20],"6":[30,1],"7":[1,2],"8":[1,1],"9":[1,1],"10":[3,1],"11":[59,45],"12":[27,77],"13":[104,37],"14":[77,76],"15":[1,1]},"meta":{"lastBranch":16,"lastFunction":15,"lastStatement":59,"seen":{"f:49:9:49:21":0,"s:12:2:12:Infinity":0,"s:15:2:15:Infinity":1,"s:18:2:18:Infinity":2,"s:21:2:21:Infinity":3,"s:24:2:24:Infinity":4,"s:27:2:27:Infinity":5,"s:30:2:41:Infinity":6,"s:149:2:168:Infinity":7,"f:149:26:149:27":1,"b:150:4:152:Infinity:undefined:undefined:undefined:undefined":0,"s:150:4:152:Infinity":8,"s:151:6:151:Infinity":9,"b:154:4:165:Infinity:undefined:undefined:undefined:undefined":1,"s:154:4:165:Infinity":10,"s:155:31:155:Infinity":11,"b:156:6:161:Infinity:undefined:undefined:undefined:undefined":2,"s:156:6:161:Infinity":12,"b:157:9:157:32:157:32:157:Infinity:158:9:158:37:158:37:158:Infinity":3,"s:160:8:160:Infinity":13,"s:163:6:163:Infinity":14,"s:164:6:164:Infinity":15,"s:167:4:167:Infinity":16,"s:50:4:50:Infinity":17,"s:51:4:55:Infinity":18,"b:52:15:52:35:52:35:52:Infinity":4,"b:53:12:53:29:53:29:53:Infinity":5,"b:54:15:54:35:54:35:54:Infinity":6,"s:57:20:57:Infinity":19,"s:59:4:61:Infinity":20,"f:59:28:59:29":2,"s:60:6:60:Infinity":21,"s:63:4:63:Infinity":22,"f:70:9:70:23":3,"s:71:34:71:Infinity":23,"b:72:4:74:Infinity:undefined:undefined:undefined:undefined":7,"s:72:4:74:Infinity":24,"s:73:6:73:Infinity":25,"s:76:4:76:Infinity":26,"b:78:4:81:Infinity:undefined:undefined:undefined:undefined":8,"s:78:4:81:Infinity":27,"s:79:6:79:Infinity":28,"s:80:6:80:Infinity":29,"f:88:9:88:24":4,"b:89:4:91:Infinity:undefined:undefined:undefined:undefined":9,"s:89:4:91:Infinity":30,"s:90:6:90:Infinity":31,"s:93:4:93:Infinity":32,"s:94:4:94:Infinity":33,"f:101:9:101:23":5,"s:102:4:102:Infinity":34,"s:103:4:103:Infinity":35,"s:104:4:104:Infinity":36,"f:111:9:111:25":6,"s:112:20:112:Infinity":37,"s:114:4:116:Infinity":38,"f:114:28:114:29":7,"s:115:6:115:Infinity":39,"b:118:4:120:Infinity:undefined:undefined:undefined:undefined":10,"s:118:4:120:Infinity":40,"s:119:6:119:Infinity":41,"f:127:12:127:33":8,"b:128:4:131:Infinity:undefined:undefined:undefined:undefined":11,"s:128:4:131:Infinity":42,"s:129:6:129:Infinity":43,"s:130:6:130:Infinity":44,"b:133:4:135:Infinity:undefined:undefined:undefined:undefined":12,"s:133:4:135:Infinity":45,"b:133:8:133:23:133:23:133:43":13,"s:134:6:134:Infinity":46,"s:137:4:139:Infinity":47,"f:137:43:137:55":9,"s:138:6:138:Infinity":48,"b:139:7:139:29:139:29:139:49":14,"s:141:4:141:Infinity":49,"f:174:12:174:34":10,"s:175:4:175:Infinity":50,"s:176:4:176:Infinity":51,"s:178:4:178:Infinity":52,"f:182:13:182:29":11,"s:183:4:183:Infinity":53,"f:190:13:190:18":12,"s:191:4:191:Infinity":54,"f:198:13:198:21":13,"s:199:4:199:Infinity":55,"f:206:13:206:18":14,"b:207:4:211:Infinity:209:11:211:Infinity":15,"s:207:4:211:Infinity":56,"s:208:6:208:Infinity":57,"s:210:6:210:Infinity":58}}}
,"/Users/jacobmueller/Development/GitHub/jacobmllr95/idle-timeout/src/index.ts": {"path":"/Users/jacobmueller/Development/GitHub/jacobmllr95/idle-timeout/src/index.ts","statementMap":{"0":{"start":{"line":4,"column":20},"end":{"line":5,"column":null}},"1":{"start":{"line":5,"column":2},"end":{"line":5,"column":null}}},"fnMap":{"0":{"name":"(anonymous_0)","decl":{"start":{"line":4,"column":20},"end":{"line":4,"column":21}},"loc":{"start":{"line":5,"column":2},"end":{"line":5,"column":null}},"line":5}},"branchMap":{},"s":{"0":1,"1":9},"f":{"0":9},"b":{},"meta":{"lastBranch":0,"lastFunction":1,"lastStatement":2,"seen":{"s:4:20:5:Infinity":0,"f:4:20:4:21":0,"s:5:2:5:Infinity":1}}}
}
